{"label":"Spare Spart api logs","level":"debug","message":"Spare Part User Service: Running in development mode and listening on port http://:9009"}
{"label":"Spare Spart api logs","level":"error","message":"Not found"}
{"content_length":"34","label":"Spare Spart api logs","level":"http","message":"incoming-api-request","method":"POST","response_time":3.89,"status":404,"url":"//spuserservices/api/v1/payment-account/profile"}
{"label":"Spare Spart api logs","level":"error","message":"jwt expired"}
{"content_length":"36","label":"Spare Spart api logs","level":"http","message":"incoming-api-request","method":"POST","response_time":10.852,"status":500,"url":"/spuserservices/api/v1/payment-account/profile"}
{"label":"Spare Spart api logs","level":"error","message":"UtilityHelper.makeHttpRequest is not a function"}
{"content_length":"72","label":"Spare Spart api logs","level":"http","message":"incoming-api-request","method":"POST","response_time":7.484,"status":500,"url":"/spuserservices/api/v1/payment-account/profile"}
{"label":"Spare Spart api logs","level":"debug","message":"Spare Part User Service: Running in development mode and listening on port http://:9009"}
{"label":"Spare Spart api logs","level":"debug","message":"Spare Part User Service: Running in development mode and listening on port http://:9009"}
{"label":"Spare Spart api logs","level":"error","message":"axios is not defined"}
{"content_length":"45","label":"Spare Spart api logs","level":"http","message":"incoming-api-request","method":"POST","response_time":7.86,"status":500,"url":"/spuserservices/api/v1/payment-account/profile"}
{"label":"Spare Spart api logs","level":"debug","message":"Spare Part User Service: Running in development mode and listening on port http://:9009"}
{"label":"Spare Spart api logs","level":"debug","message":"Spare Part User Service: Running in development mode and listening on port http://:9009"}
{"label":"Spare Spart api logs","level":"error","message":"UtilityHelper.sendResponse is not a function"}
{"content_length":"69","label":"Spare Spart api logs","level":"http","message":"incoming-api-request","method":"POST","response_time":2463.767,"status":500,"url":"/spuserservices/api/v1/payment-account/profile"}
{"label":"Spare Spart api logs","level":"debug","message":"Spare Part User Service: Running in development mode and listening on port http://:9009"}
{"label":"Spare Spart api logs","level":"debug","message":"Spare Part User Service: Running in development mode and listening on port http://:9009"}
{"label":"Spare Spart api logs","level":"debug","message":"Spare Part User Service: Running in development mode and listening on port http://:9009"}
{"label":"Spare Spart api logs","level":"info","message":"Payment account details added successfully"}
{"content_length":"350","label":"Spare Spart api logs","level":"http","message":"incoming-api-request","method":"POST","response_time":2541.721,"status":200,"url":"/spuserservices/api/v1/payment-account/profile"}
{"label":"Spare Spart api logs","level":"error","message":"jwt expired"}
{"content_length":"36","label":"Spare Spart api logs","level":"http","message":"incoming-api-request","method":"POST","response_time":11.907,"status":500,"url":"/spuserservices/api/v1/payment-account/profile"}
{"label":"Spare Spart api logs","level":"info","message":"Payment account details added successfully"}
{"content_length":"388","label":"Spare Spart api logs","level":"http","message":"incoming-api-request","method":"POST","response_time":2502.275,"status":200,"url":"/spuserservices/api/v1/payment-account/profile"}
{"label":"Spare Spart api logs","level":"info","message":"Payment account details added successfully"}
{"content_length":"388","label":"Spare Spart api logs","level":"http","message":"incoming-api-request","method":"POST","response_time":2333.147,"status":200,"url":"/spuserservices/api/v1/payment-account/register"}
{"label":"Spare Spart api logs","level":"error","message":"jwt expired"}
{"content_length":"36","label":"Spare Spart api logs","level":"http","message":"incoming-api-request","method":"POST","response_time":7.882,"status":500,"url":"/spuserservices/api/v1/payment-account/profile"}
{"label":"Spare Spart api logs","level":"error","message":"Request failed with status code 500"}
{"content_length":"60","label":"Spare Spart api logs","level":"http","message":"incoming-api-request","method":"POST","response_time":2319.827,"status":500,"url":"/spuserservices/api/v1/payment-account/profile"}
{"label":"Spare Spart api logs","level":"error","message":"Request failed with status code 500"}
{"content_length":"60","label":"Spare Spart api logs","level":"http","message":"incoming-api-request","method":"POST","response_time":2176.603,"status":500,"url":"/spuserservices/api/v1/payment-account/profile"}
{"label":"Spare Spart api logs","level":"info","message":"Payment account details added successfully"}
{"content_length":"370","label":"Spare Spart api logs","level":"http","message":"incoming-api-request","method":"POST","response_time":2444.494,"status":200,"url":"/spuserservices/api/v1/payment-account/profile"}
{"label":"Spare Spart api logs","level":"error","message":"jwt expired"}
{"content_length":"36","label":"Spare Spart api logs","level":"http","message":"incoming-api-request","method":"POST","response_time":7.668,"status":500,"url":"/spuserservices/api/v1/payment-account/register"}
{"label":"Spare Spart api logs","level":"info","message":"Payment account details added successfully"}
{"content_length":"384","label":"Spare Spart api logs","level":"http","message":"incoming-api-request","method":"POST","response_time":3365.154,"status":200,"url":"/spuserservices/api/v1/payment-account/register"}
